#At time	x	process	y	state	arr	w	total	z	remain	y	wait	
At time	2	process	1	started	arr	2	total	10	remain	10	wait	0
At time	4	process	2	started	arr	3	total	4	remain	4	wait	1
At time	4	process	1	stopped	arr	2	total	10	remain	8	wait	0
At time	6	process	3	started	arr	4	total	10	remain	10	wait	2
At time	6	process	2	stopped	arr	3	total	4	remain	2	wait	1
At time	8	process	1	resumed	arr	2	total	10	remain	8	wait	4
At time	8	process	3	stopped	arr	4	total	10	remain	8	wait	2
At time	10	process	4	started	arr	5	total	5	remain	5	wait	5
At time	10	process	1	stopped	arr	2	total	10	remain	6	wait	4
At time	12	process	5	started	arr	5	total	10	remain	10	wait	7
At time	12	process	4	stopped	arr	5	total	5	remain	3	wait	5
At time	14	process	2	resumed	arr	3	total	4	remain	2	wait	9
At time	14	process	5	stopped	arr	5	total	10	remain	8	wait	7
At time	16	process	2	finished	arr	3	total	4	remain	0	wait	9	TA	13	WTA	3.25
At time	16	process	3	resumed	arr	4	total	10	remain	8	wait	10
At time	18	process	1	resumed	arr	2	total	10	remain	6	wait	12
At time	18	process	3	stopped	arr	4	total	10	remain	6	wait	10
At time	20	process	4	resumed	arr	5	total	5	remain	3	wait	13
At time	20	process	1	stopped	arr	2	total	10	remain	4	wait	12
At time	22	process	5	resumed	arr	5	total	10	remain	8	wait	15
At time	22	process	4	stopped	arr	5	total	5	remain	1	wait	13
At time	24	process	3	resumed	arr	4	total	10	remain	6	wait	16
At time	24	process	5	stopped	arr	5	total	10	remain	6	wait	15
At time	26	process	1	resumed	arr	2	total	10	remain	4	wait	18
At time	26	process	3	stopped	arr	4	total	10	remain	4	wait	16
At time	28	process	4	resumed	arr	5	total	5	remain	1	wait	19
At time	28	process	1	stopped	arr	2	total	10	remain	2	wait	18
At time	29	process	4	finished	arr	5	total	5	remain	0	wait	19	TA	24	WTA	4.81
At time	29	process	5	resumed	arr	5	total	10	remain	6	wait	20
At time	31	process	3	resumed	arr	4	total	10	remain	4	wait	21
At time	31	process	5	stopped	arr	5	total	10	remain	4	wait	20
At time	33	process	1	resumed	arr	2	total	10	remain	2	wait	23
At time	33	process	3	stopped	arr	4	total	10	remain	2	wait	21
At time	35	process	1	finished	arr	2	total	10	remain	0	wait	23	TA	33	WTA	3.30
At time	35	process	5	resumed	arr	5	total	10	remain	4	wait	24
At time	37	process	3	resumed	arr	4	total	10	remain	2	wait	25
At time	37	process	5	stopped	arr	5	total	10	remain	2	wait	24
At time	39	process	3	finished	arr	4	total	10	remain	0	wait	25	TA	35	WTA	3.50
At time	39	process	5	resumed	arr	5	total	10	remain	2	wait	26
At time	41	process	5	finished	arr	5	total	10	remain	0	wait	26	TA	36	WTA	3.60
